PizzaMania2/app/build/intermediates/manifest_merge_blame_file/debug/processDebugMainManifest/manifest-merger-blame-debug-report.txt
1<?xml version="1.0" encoding="utf-8"?>
2<manifest xmlns:android="http://schemas.android.com/apk/res/android"
3    package="com.kosala.pizza_mania"
4    android:versionCode="1"
5    android:versionName="1.0" >
6
7    <uses-sdk
8        android:minSdkVersion="24"
9        android:targetSdkVersion="36" />
10
11    <!-- Permissions -->
12    <uses-permission android:name="android.permission.INTERNET" />
12-->src\main\AndroidManifest.xml:6:5-67
12-->src\main\AndroidManifest.xml:6:22-64
13    <uses-permission android:name="android.permission.ACCESS_FINE_LOCATION" />
13-->src\main\AndroidManifest.xml:7:5-79
13-->src\main\AndroidManifest.xml:7:22-76
14    <uses-permission android:name="android.permission.ACCESS_COARSE_LOCATION" />
14-->src\main\AndroidManifest.xml:8:5-81
14-->src\main\AndroidManifest.xml:8:22-78
15
16    <!-- Include required permissions for Google Maps API to run. -->
17    <uses-permission android:name="android.permission.ACCESS_NETWORK_STATE" />
17-->[com.google.android.gms:play-services-maps:18.2.0] AndroidManifest.xml:23:5-79
17-->[com.google.android.gms:play-services-maps:18.2.0] AndroidManifest.xml:23:22-76
18
19    <uses-feature
19-->[com.google.android.gms:play-services-maps:18.2.0] AndroidManifest.xml:26:5-28:35
20        android:glEsVersion="0x00020000"
20-->[com.google.android.gms:play-services-maps:18.2.0] AndroidManifest.xml:27:9-41
21        android:required="true" />
21-->[com.google.android.gms:play-services-maps:18.2.0] AndroidManifest.xml:28:9-32
22
23    <queries>
23-->[com.google.android.gms:play-services-maps:18.2.0] AndroidManifest.xml:30:5-34:15
24
25        <!-- Needs to be explicitly declared on Android R+ -->
26        <package android:name="com.google.android.apps.maps" />
26-->[com.google.android.gms:play-services-maps:18.2.0] AndroidManifest.xml:33:9-64
26-->[com.google.android.gms:play-services-maps:18.2.0] AndroidManifest.xml:33:18-61
27    </queries>
28
29    <uses-permission android:name="com.google.android.providers.gsf.permission.READ_GSERVICES" />
29-->[com.google.android.recaptcha:recaptcha:18.4.0] AndroidManifest.xml:9:5-98
29-->[com.google.android.recaptcha:recaptcha:18.4.0] AndroidManifest.xml:9:22-95
30
31    <permission
31-->[androidx.core:core:1.13.0] AndroidManifest.xml:22:5-24:47
32        android:name="com.kosala.pizza_mania.DYNAMIC_RECEIVER_NOT_EXPORTED_PERMISSION"
32-->[androidx.core:core:1.13.0] AndroidManifest.xml:23:9-81
33        android:protectionLevel="signature" />
33-->[androidx.core:core:1.13.0] AndroidManifest.xml:24:9-44
34
35    <uses-permission android:name="com.kosala.pizza_mania.DYNAMIC_RECEIVER_NOT_EXPORTED_PERMISSION" />
35-->[androidx.core:core:1.13.0] AndroidManifest.xml:26:5-97
35-->[androidx.core:core:1.13.0] AndroidManifest.xml:26:22-94
36
37    <application
37-->src\main\AndroidManifest.xml:10:5-47:19
38        android:allowBackup="true"
38-->src\main\AndroidManifest.xml:11:9-35
39        android:appComponentFactory="androidx.core.app.CoreComponentFactory"
39-->[androidx.core:core:1.13.0] AndroidManifest.xml:28:18-86
40        android:dataExtractionRules="@xml/data_extraction_rules"
40-->src\main\AndroidManifest.xml:12:9-65
41        android:debuggable="true"
42        android:extractNativeLibs="false"
43        android:fullBackupContent="@xml/backup_rules"
43-->src\main\AndroidManifest.xml:13:9-54
44        android:icon="@mipmap/ic_launcher"
44-->src\main\AndroidManifest.xml:14:9-43
45        android:label="@string/app_name"
45-->src\main\AndroidManifest.xml:15:9-41
46        android:roundIcon="@mipmap/ic_launcher_round"
46-->src\main\AndroidManifest.xml:16:9-54
47        android:supportsRtl="true"
47-->src\main\AndroidManifest.xml:17:9-35
48        android:testOnly="true"
49        android:theme="@style/Theme.PizzaMania" >
49-->src\main\AndroidManifest.xml:18:9-48
50
51        <!-- Google Maps API Key -->
52        <meta-data
52-->src\main\AndroidManifest.xml:21:9-23:71
53            android:name="com.google.android.geo.API_KEY"
53-->src\main\AndroidManifest.xml:22:13-58
54            android:value="AIzaSyC8-jtVYQXofkvg7Hhuqn9jY-BF4xT5WpY" />
54-->src\main\AndroidManifest.xml:23:13-68
55
56        <!-- Main -->
57        <activity
57-->src\main\AndroidManifest.xml:26:9-28:39
58            android:name="com.kosala.pizza_mania.MainActivity"
58-->src\main\AndroidManifest.xml:27:13-41
59            android:exported="true" />
59-->src\main\AndroidManifest.xml:28:13-36
60
61        <!-- Signup -->
62        <activity
62-->src\main\AndroidManifest.xml:31:9-34:48
63            android:name="com.kosala.pizza_mania.SignupActivity"
63-->src\main\AndroidManifest.xml:32:13-43
64            android:exported="true"
64-->src\main\AndroidManifest.xml:33:13-36
65            android:theme="@style/AuthTheme" />
65-->src\main\AndroidManifest.xml:34:13-45
66
67        <!-- Login (Launcher) -->
68        <activity
68-->src\main\AndroidManifest.xml:37:9-45:20
69            android:name="com.kosala.pizza_mania.LoginActivity"
69-->src\main\AndroidManifest.xml:38:13-42
70            android:exported="true"
70-->src\main\AndroidManifest.xml:40:13-36
71            android:theme="@style/AuthTheme" >
71-->src\main\AndroidManifest.xml:39:13-45
72            <intent-filter>
72-->src\main\AndroidManifest.xml:41:13-44:29
73                <action android:name="android.intent.action.MAIN" />
73-->src\main\AndroidManifest.xml:42:17-69
73-->src\main\AndroidManifest.xml:42:25-66
74
75                <category android:name="android.intent.category.LAUNCHER" />
75-->src\main\AndroidManifest.xml:43:17-77
75-->src\main\AndroidManifest.xml:43:27-74
76            </intent-filter>
77        </activity>
78
79        <!-- Needs to be explicitly declared on P+ -->
80        <uses-library
80-->[com.google.android.gms:play-services-maps:18.2.0] AndroidManifest.xml:39:9-41:40
81            android:name="org.apache.http.legacy"
81-->[com.google.android.gms:play-services-maps:18.2.0] AndroidManifest.xml:40:13-50
82            android:required="false" />
82-->[com.google.android.gms:play-services-maps:18.2.0] AndroidManifest.xml:41:13-37
83
84        <activity
84-->[com.google.firebase:firebase-auth:23.0.0] AndroidManifest.xml:29:9-46:20
85            android:name="com.google.firebase.auth.internal.GenericIdpActivity"
85-->[com.google.firebase:firebase-auth:23.0.0] AndroidManifest.xml:30:13-80
86            android:excludeFromRecents="true"
86-->[com.google.firebase:firebase-auth:23.0.0] AndroidManifest.xml:31:13-46
87            android:exported="true"
87-->[com.google.firebase:firebase-auth:23.0.0] AndroidManifest.xml:32:13-36
88            android:launchMode="singleTask"
88-->[com.google.firebase:firebase-auth:23.0.0] AndroidManifest.xml:33:13-44
89            android:theme="@android:style/Theme.Translucent.NoTitleBar" >
89-->[com.google.firebase:firebase-auth:23.0.0] AndroidManifest.xml:34:13-72
90            <intent-filter>
90-->[com.google.firebase:firebase-auth:23.0.0] AndroidManifest.xml:35:13-45:29
91                <action android:name="android.intent.action.VIEW" />
91-->[com.google.firebase:firebase-auth:23.0.0] AndroidManifest.xml:36:17-69
91-->[com.google.firebase:firebase-auth:23.0.0] AndroidManifest.xml:36:25-66
92
93                <category android:name="android.intent.category.DEFAULT" />
93-->[com.google.firebase:firebase-auth:23.0.0] AndroidManifest.xml:38:17-76
93-->[com.google.firebase:firebase-auth:23.0.0] AndroidManifest.xml:38:27-73
94                <category android:name="android.intent.category.BROWSABLE" />
94-->[com.google.firebase:firebase-auth:23.0.0] AndroidManifest.xml:39:17-78
94-->[com.google.firebase:firebase-auth:23.0.0] AndroidManifest.xml:39:27-75
95
96                <data
96-->[com.google.firebase:firebase-auth:23.0.0] AndroidManifest.xml:41:17-44:51
97                    android:host="firebase.auth"
97-->[com.google.firebase:firebase-auth:23.0.0] AndroidManifest.xml:42:21-49
98                    android:path="/"
98-->[com.google.firebase:firebase-auth:23.0.0] AndroidManifest.xml:43:21-37
99                    android:scheme="genericidp" />
99-->[com.google.firebase:firebase-auth:23.0.0] AndroidManifest.xml:44:21-48
100            </intent-filter>
101        </activity>
102        <activity
102-->[com.google.firebase:firebase-auth:23.0.0] AndroidManifest.xml:47:9-64:20
103            android:name="com.google.firebase.auth.internal.RecaptchaActivity"
103-->[com.google.firebase:firebase-auth:23.0.0] AndroidManifest.xml:48:13-79
104            android:excludeFromRecents="true"
104-->[com.google.firebase:firebase-auth:23.0.0] AndroidManifest.xml:49:13-46
105            android:exported="true"
105-->[com.google.firebase:firebase-auth:23.0.0] AndroidManifest.xml:50:13-36
106            android:launchMode="singleTask"
106-->[com.google.firebase:firebase-auth:23.0.0] AndroidManifest.xml:51:13-44
107            android:theme="@android:style/Theme.Translucent.NoTitleBar" >
107-->[com.google.firebase:firebase-auth:23.0.0] AndroidManifest.xml:52:13-72
108            <intent-filter>
108-->[com.google.firebase:firebase-auth:23.0.0] AndroidManifest.xml:53:13-63:29
109                <action android:name="android.intent.action.VIEW" />
109-->[com.google.firebase:firebase-auth:23.0.0] AndroidManifest.xml:36:17-69
109-->[com.google.firebase:firebase-auth:23.0.0] AndroidManifest.xml:36:25-66
110
111                <category android:name="android.intent.category.DEFAULT" />
111-->[com.google.firebase:firebase-auth:23.0.0] AndroidManifest.xml:38:17-76
111-->[com.google.firebase:firebase-auth:23.0.0] AndroidManifest.xml:38:27-73
112                <category android:name="android.intent.category.BROWSABLE" />
112-->[com.google.firebase:firebase-auth:23.0.0] AndroidManifest.xml:39:17-78
112-->[com.google.firebase:firebase-auth:23.0.0] AndroidManifest.xml:39:27-75
113
114                <data
114-->[com.google.firebase:firebase-auth:23.0.0] AndroidManifest.xml:41:17-44:51
115                    android:host="firebase.auth"
115-->[com.google.firebase:firebase-auth:23.0.0] AndroidManifest.xml:42:21-49
116                    android:path="/"
116-->[com.google.firebase:firebase-auth:23.0.0] AndroidManifest.xml:43:21-37
117                    android:scheme="recaptcha" />
117-->[com.google.firebase:firebase-auth:23.0.0] AndroidManifest.xml:44:21-48
118            </intent-filter>
119        </activity>
120
121        <service
121-->[com.google.firebase:firebase-auth:23.0.0] AndroidManifest.xml:66:9-72:19
122            android:name="com.google.firebase.components.ComponentDiscoveryService"
122-->[com.google.firebase:firebase-auth:23.0.0] AndroidManifest.xml:67:13-84
123            android:directBootAware="true"
123-->[com.google.firebase:firebase-common:21.0.0] AndroidManifest.xml:32:13-43
124            android:exported="false" >
124-->[com.google.firebase:firebase-auth:23.0.0] AndroidManifest.xml:68:13-37
125            <meta-data
125-->[com.google.firebase:firebase-auth:23.0.0] AndroidManifest.xml:69:13-71:85
126                android:name="com.google.firebase.components:com.google.firebase.auth.FirebaseAuthRegistrar"
126-->[com.google.firebase:firebase-auth:23.0.0] AndroidManifest.xml:70:17-109
127                android:value="com.google.firebase.components.ComponentRegistrar" />
127-->[com.google.firebase:firebase-auth:23.0.0] AndroidManifest.xml:71:17-82
128            <meta-data
128-->[com.google.firebase:firebase-common-ktx:21.0.0] AndroidManifest.xml:12:13-14:85
129                android:name="com.google.firebase.components:com.google.firebase.ktx.FirebaseCommonLegacyRegistrar"
129-->[com.google.firebase:firebase-common-ktx:21.0.0] AndroidManifest.xml:13:17-116
130                android:value="com.google.firebase.components.ComponentRegistrar" />
130-->[com.google.firebase:firebase-common-ktx:21.0.0] AndroidManifest.xml:14:17-82
131            <meta-data
131-->[com.google.firebase:firebase-common:21.0.0] AndroidManifest.xml:35:13-37:85
132                android:name="com.google.firebase.components:com.google.firebase.FirebaseCommonKtxRegistrar"
132-->[com.google.firebase:firebase-common:21.0.0] AndroidManifest.xml:36:17-109
133                android:value="com.google.firebase.components.ComponentRegistrar" />
133-->[com.google.firebase:firebase-common:21.0.0] AndroidManifest.xml:37:17-82
134        </service>
135        <service
135-->[androidx.credentials:credentials-play-services-auth:1.2.0-rc01] AndroidManifest.xml:24:9-32:19
136            android:name="androidx.credentials.playservices.CredentialProviderMetadataHolder"
136-->[androidx.credentials:credentials-play-services-auth:1.2.0-rc01] AndroidManifest.xml:25:13-94
137            android:enabled="true"
137-->[androidx.credentials:credentials-play-services-auth:1.2.0-rc01] AndroidManifest.xml:26:13-35
138            android:exported="false" >
138-->[androidx.credentials:credentials-play-services-auth:1.2.0-rc01] AndroidManifest.xml:27:13-37
139            <meta-data
139-->[androidx.credentials:credentials-play-services-auth:1.2.0-rc01] AndroidManifest.xml:29:13-31:104
140                android:name="androidx.credentials.CREDENTIAL_PROVIDER_KEY"
140-->[androidx.credentials:credentials-play-services-auth:1.2.0-rc01] AndroidManifest.xml:30:17-76
141                android:value="androidx.credentials.playservices.CredentialProviderPlayServicesImpl" />
141-->[androidx.credentials:credentials-play-services-auth:1.2.0-rc01] AndroidManifest.xml:31:17-101
142        </service>
143
144        <activity
144-->[androidx.credentials:credentials-play-services-auth:1.2.0-rc01] AndroidManifest.xml:34:9-41:20
145            android:name="androidx.credentials.playservices.HiddenActivity"
145-->[androidx.credentials:credentials-play-services-auth:1.2.0-rc01] AndroidManifest.xml:35:13-76
146            android:configChanges="orientation|screenSize|screenLayout|keyboardHidden"
146-->[androidx.credentials:credentials-play-services-auth:1.2.0-rc01] AndroidManifest.xml:36:13-87
147            android:enabled="true"
147-->[androidx.credentials:credentials-play-services-auth:1.2.0-rc01] AndroidManifest.xml:37:13-35
148            android:exported="false"
148-->[androidx.credentials:credentials-play-services-auth:1.2.0-rc01] AndroidManifest.xml:38:13-37
149            android:fitsSystemWindows="true"
149-->[androidx.credentials:credentials-play-services-auth:1.2.0-rc01] AndroidManifest.xml:39:13-45
150            android:theme="@style/Theme.Hidden" >
150-->[androidx.credentials:credentials-play-services-auth:1.2.0-rc01] AndroidManifest.xml:40:13-48
151        </activity>
152        <activity
152-->[com.google.android.gms:play-services-auth:20.7.0] AndroidManifest.xml:23:9-27:75
153            android:name="com.google.android.gms.auth.api.signin.internal.SignInHubActivity"
153-->[com.google.android.gms:play-services-auth:20.7.0] AndroidManifest.xml:24:13-93
154            android:excludeFromRecents="true"
154-->[com.google.android.gms:play-services-auth:20.7.0] AndroidManifest.xml:25:13-46
155            android:exported="false"
155-->[com.google.android.gms:play-services-auth:20.7.0] AndroidManifest.xml:26:13-37
156            android:theme="@android:style/Theme.Translucent.NoTitleBar" />
156-->[com.google.android.gms:play-services-auth:20.7.0] AndroidManifest.xml:27:13-72
157        <!--
158            Service handling Google Sign-In user revocation. For apps that do not integrate with
159            Google Sign-In, this service will never be started.
160        -->
161        <service
161-->[com.google.android.gms:play-services-auth:20.7.0] AndroidManifest.xml:33:9-37:51
162            android:name="com.google.android.gms.auth.api.signin.RevocationBoundService"
162-->[com.google.android.gms:play-services-auth:20.7.0] AndroidManifest.xml:34:13-89
163            android:exported="true"
163-->[com.google.android.gms:play-services-auth:20.7.0] AndroidManifest.xml:35:13-36
164            android:permission="com.google.android.gms.auth.api.signin.permission.REVOCATION_NOTIFICATION"
164-->[com.google.android.gms:play-services-auth:20.7.0] AndroidManifest.xml:36:13-107
165            android:visibleToInstantApps="true" />
165-->[com.google.android.gms:play-services-auth:20.7.0] AndroidManifest.xml:37:13-48
166
167        <activity
167-->[com.google.android.gms:play-services-base:18.5.0] AndroidManifest.xml:5:9-173
168            android:name="com.google.android.gms.common.api.GoogleApiActivity"
168-->[com.google.android.gms:play-services-base:18.5.0] AndroidManifest.xml:5:19-85
169            android:exported="false"
169-->[com.google.android.gms:play-services-base:18.5.0] AndroidManifest.xml:5:146-170
170            android:theme="@android:style/Theme.Translucent.NoTitleBar" />
170-->[com.google.android.gms:play-services-base:18.5.0] AndroidManifest.xml:5:86-145
171
172        <provider
172-->[com.google.firebase:firebase-common:21.0.0] AndroidManifest.xml:23:9-28:39
173            android:name="com.google.firebase.provider.FirebaseInitProvider"
173-->[com.google.firebase:firebase-common:21.0.0] AndroidManifest.xml:24:13-77
174            android:authorities="com.kosala.pizza_mania.firebaseinitprovider"
174-->[com.google.firebase:firebase-common:21.0.0] AndroidManifest.xml:25:13-72
175            android:directBootAware="true"
175-->[com.google.firebase:firebase-common:21.0.0] AndroidManifest.xml:26:13-43
176            android:exported="false"
176-->[com.google.firebase:firebase-common:21.0.0] AndroidManifest.xml:27:13-37
177            android:initOrder="100" />
177-->[com.google.firebase:firebase-common:21.0.0] AndroidManifest.xml:28:13-36
178        <provider
178-->[androidx.emoji2:emoji2:1.3.0] AndroidManifest.xml:24:9-32:20
179            android:name="androidx.startup.InitializationProvider"
179-->[androidx.emoji2:emoji2:1.3.0] AndroidManifest.xml:25:13-67
180            android:authorities="com.kosala.pizza_mania.androidx-startup"
180-->[androidx.emoji2:emoji2:1.3.0] AndroidManifest.xml:26:13-68
181            android:exported="false" >
181-->[androidx.emoji2:emoji2:1.3.0] AndroidManifest.xml:27:13-37
182            <meta-data
182-->[androidx.emoji2:emoji2:1.3.0] AndroidManifest.xml:29:13-31:52
183                android:name="androidx.emoji2.text.EmojiCompatInitializer"
183-->[androidx.emoji2:emoji2:1.3.0] AndroidManifest.xml:30:17-75
184                android:value="androidx.startup" />
184-->[androidx.emoji2:emoji2:1.3.0] AndroidManifest.xml:31:17-49
185            <meta-data
185-->[androidx.lifecycle:lifecycle-process:2.6.2] AndroidManifest.xml:29:13-31:52
186                android:name="androidx.lifecycle.ProcessLifecycleInitializer"
186-->[androidx.lifecycle:lifecycle-process:2.6.2] AndroidManifest.xml:30:17-78
187                android:value="androidx.startup" />
187-->[androidx.lifecycle:lifecycle-process:2.6.2] AndroidManifest.xml:31:17-49
188            <meta-data
188-->[androidx.profileinstaller:profileinstaller:1.4.0] AndroidManifest.xml:29:13-31:52
189                android:name="androidx.profileinstaller.ProfileInstallerInitializer"
189-->[androidx.profileinstaller:profileinstaller:1.4.0] AndroidManifest.xml:30:17-85
190                android:value="androidx.startup" />
190-->[androidx.profileinstaller:profileinstaller:1.4.0] AndroidManifest.xml:31:17-49
191        </provider>
192
193        <meta-data
193-->[com.google.android.gms:play-services-basement:18.4.0] AndroidManifest.xml:6:9-122
194            android:name="com.google.android.gms.version"
194-->[com.google.android.gms:play-services-basement:18.4.0] AndroidManifest.xml:6:20-65
195            android:value="@integer/google_play_services_version" />
195-->[com.google.android.gms:play-services-basement:18.4.0] AndroidManifest.xml:6:66-119
196
197        <receiver
197-->[androidx.profileinstaller:profileinstaller:1.4.0] AndroidManifest.xml:34:9-52:20
198            android:name="androidx.profileinstaller.ProfileInstallReceiver"
198-->[androidx.profileinstaller:profileinstaller:1.4.0] AndroidManifest.xml:35:13-76
199            android:directBootAware="false"
199-->[androidx.profileinstaller:profileinstaller:1.4.0] AndroidManifest.xml:36:13-44
200            android:enabled="true"
200-->[androidx.profileinstaller:profileinstaller:1.4.0] AndroidManifest.xml:37:13-35
201            android:exported="true"
201-->[androidx.profileinstaller:profileinstaller:1.4.0] AndroidManifest.xml:38:13-36
202            android:permission="android.permission.DUMP" >
202-->[androidx.profileinstaller:profileinstaller:1.4.0] AndroidManifest.xml:39:13-57
203            <intent-filter>
203-->[androidx.profileinstaller:profileinstaller:1.4.0] AndroidManifest.xml:40:13-42:29
204                <action android:name="androidx.profileinstaller.action.INSTALL_PROFILE" />
204-->[androidx.profileinstaller:profileinstaller:1.4.0] AndroidManifest.xml:41:17-91
204-->[androidx.profileinstaller:profileinstaller:1.4.0] AndroidManifest.xml:41:25-88
205            </intent-filter>
206            <intent-filter>
206-->[androidx.profileinstaller:profileinstaller:1.4.0] AndroidManifest.xml:43:13-45:29
207                <action android:name="androidx.profileinstaller.action.SKIP_FILE" />
207-->[androidx.profileinstaller:profileinstaller:1.4.0] AndroidManifest.xml:44:17-85
207-->[androidx.profileinstaller:profileinstaller:1.4.0] AndroidManifest.xml:44:25-82
208            </intent-filter>
209            <intent-filter>
209-->[androidx.profileinstaller:profileinstaller:1.4.0] AndroidManifest.xml:46:13-48:29
210                <action android:name="androidx.profileinstaller.action.SAVE_PROFILE" />
210-->[androidx.profileinstaller:profileinstaller:1.4.0] AndroidManifest.xml:47:17-88
210-->[androidx.profileinstaller:profileinstaller:1.4.0] AndroidManifest.xml:47:25-85
211            </intent-filter>
212            <intent-filter>
212-->[androidx.profileinstaller:profileinstaller:1.4.0] AndroidManifest.xml:49:13-51:29
213                <action android:name="androidx.profileinstaller.action.BENCHMARK_OPERATION" />
213-->[androidx.profileinstaller:profileinstaller:1.4.0] AndroidManifest.xml:50:17-95
213-->[androidx.profileinstaller:profileinstaller:1.4.0] AndroidManifest.xml:50:25-92
214            </intent-filter>
215        </receiver>
216    </application>
217
218</manifest>